<?xml version="1.0" encoding="UTF-8"?>
<!-- Generated by org.testng.reporters.JUnitXMLReporter -->
<testsuite ignored="0" hostname="Luiss-MacBook-Air.local" failures="0" tests="3" name="Default test" time="42.567" errors="0" timestamp="2024-03-26T20:49:03 PET">
  <testcase classname="com.reports.tests.ReportTest" name="getTitle" time="0.056"/>
  <testcase classname="com.reports.tests.ReportTest" name="skyTest" time="0.005">
    <skipped/>
  </testcase> <!-- skyTest -->
  <testcase classname="com.reports.tests.ReportTest" name="getLogo" time="0.033"/>
</testsuite> <!-- Default test -->
