<?xml version="1.0" encoding="UTF-8"?>
<!-- Generated by org.testng.reporters.JUnitXMLReporter -->
<testsuite ignored="0" hostname="Luiss-MacBook-Air.local" failures="0" tests="3" name="Test" time="44.175" errors="0" timestamp="2024-03-26T20:50:48 PET">
  <testcase classname="com.reports.tests.ReportTest" name="getTitle" time="0.041"/>
  <testcase classname="com.reports.tests.ReportTest" name="skyTest" time="0.003">
    <skipped/>
  </testcase> <!-- skyTest -->
  <testcase classname="com.reports.tests.ReportTest" name="getLogo" time="0.046"/>
</testsuite> <!-- Test -->
